build/app/intermediates/manifest_merge_blame_file/release/manifest-merger-blame-release-report.txt
1<?xml version="1.0" encoding="utf-8"?>
2<manifest xmlns:android="http://schemas.android.com/apk/res/android"
3    package="com.example.triptourapp"
4    android:versionCode="1"
5    android:versionName="1.0.0" >
6
7    <uses-sdk
8        android:minSdkVersion="21"
8-->src\main\AndroidManifest.xml
9        android:targetSdkVersion="33" />
9-->src\main\AndroidManifest.xml
10
11    <uses-permission android:name="android.permission.ACCESS_FINE_LOCATION" />
11-->src\main\AndroidManifest.xml:3:5-79
11-->src\main\AndroidManifest.xml:3:22-76
12    <uses-permission android:name="android.permission.ACCESS_COARSE_LOCATION" />
12-->src\main\AndroidManifest.xml:4:5-81
12-->src\main\AndroidManifest.xml:4:22-78
13    <uses-permission android:name="android.permission.INTERNET" />
13-->[:firebase_messaging] AndroidManifest.xml:9:5-67
13-->[:firebase_messaging] AndroidManifest.xml:9:22-64
14    <uses-permission android:name="android.permission.WAKE_LOCK" />
14-->[:firebase_messaging] AndroidManifest.xml:10:5-68
14-->[:firebase_messaging] AndroidManifest.xml:10:22-65
15    <uses-permission android:name="android.permission.ACCESS_NETWORK_STATE" /> <!-- Permissions options for the `notification` group -->
15-->[:firebase_messaging] AndroidManifest.xml:11:5-79
15-->[:firebase_messaging] AndroidManifest.xml:11:22-76
16    <uses-permission android:name="android.permission.POST_NOTIFICATIONS" />
16-->[:firebase_messaging] AndroidManifest.xml:13:5-77
16-->[:firebase_messaging] AndroidManifest.xml:13:22-74
17    <uses-permission android:name="android.permission.FOREGROUND_SERVICE" />
17-->[:geolocator_android] AndroidManifest.xml:9:5-77
17-->[:geolocator_android] AndroidManifest.xml:9:22-74
18    <uses-permission android:name="android.permission.VIBRATE" /> <!-- Required by older versions of Google Play services to create IID tokens -->
18-->[:flutter_local_notifications] AndroidManifest.xml:9:5-66
18-->[:flutter_local_notifications] AndroidManifest.xml:9:22-63
19    <uses-permission android:name="com.google.android.c2dm.permission.RECEIVE" />
19-->[com.google.firebase:firebase-messaging:23.4.1] AndroidManifest.xml:26:5-82
19-->[com.google.firebase:firebase-messaging:23.4.1] AndroidManifest.xml:26:22-79
20
21    <uses-feature
21-->[com.google.android.gms:play-services-maps:18.2.0] AndroidManifest.xml:26:5-28:35
22        android:glEsVersion="0x00020000"
22-->[com.google.android.gms:play-services-maps:18.2.0] AndroidManifest.xml:27:9-41
23        android:required="true" />
23-->[com.google.android.gms:play-services-maps:18.2.0] AndroidManifest.xml:28:9-32
24
25    <queries>
25-->[com.google.android.gms:play-services-maps:18.2.0] AndroidManifest.xml:30:5-34:15
26
27        <!-- Needs to be explicitly declared on Android R+ -->
28        <package android:name="com.google.android.apps.maps" />
28-->[com.google.android.gms:play-services-maps:18.2.0] AndroidManifest.xml:33:9-64
28-->[com.google.android.gms:play-services-maps:18.2.0] AndroidManifest.xml:33:18-61
29    </queries>
30
31    <uses-permission android:name="com.google.android.providers.gsf.permission.READ_GSERVICES" />
31-->[com.google.android.recaptcha:recaptcha:18.4.0] AndroidManifest.xml:9:5-98
31-->[com.google.android.recaptcha:recaptcha:18.4.0] AndroidManifest.xml:9:22-95
32
33    <permission
33-->[androidx.core:core:1.10.1] AndroidManifest.xml:22:5-24:47
34        android:name="com.example.triptourapp.DYNAMIC_RECEIVER_NOT_EXPORTED_PERMISSION"
34-->[androidx.core:core:1.10.1] AndroidManifest.xml:23:9-81
35        android:protectionLevel="signature" />
35-->[androidx.core:core:1.10.1] AndroidManifest.xml:24:9-44
36
37    <uses-permission android:name="com.example.triptourapp.DYNAMIC_RECEIVER_NOT_EXPORTED_PERMISSION" />
37-->[androidx.core:core:1.10.1] AndroidManifest.xml:26:5-97
37-->[androidx.core:core:1.10.1] AndroidManifest.xml:26:22-94
38
39    <application
40        android:name="android.app.Application"
40-->src\main\AndroidManifest.xml:7:9-42
41        android:appComponentFactory="androidx.core.app.CoreComponentFactory"
41-->[androidx.core:core:1.10.1] AndroidManifest.xml:28:18-86
42        android:icon="@mipmap/ic_launcher"
42-->src\main\AndroidManifest.xml:8:9-43
43        android:label="TripTour" >
43-->src\main\AndroidManifest.xml:6:9-33
44        <meta-data
44-->src\main\AndroidManifest.xml:10:10-12:71
45            android:name="com.google.android.geo.API_KEY"
45-->src\main\AndroidManifest.xml:11:13-58
46            android:value="AIzaSyDgzISmUfbwWBHyrqyyma9AQQ_Tctimlt4" />
46-->src\main\AndroidManifest.xml:12:13-68
47
48        <activity
48-->src\main\AndroidManifest.xml:14:9-34:20
49            android:name="com.example.triptourapp.MainActivity"
49-->src\main\AndroidManifest.xml:15:13-41
50            android:configChanges="orientation|keyboardHidden|keyboard|screenSize|smallestScreenSize|locale|layoutDirection|fontScale|screenLayout|density|uiMode"
50-->src\main\AndroidManifest.xml:19:13-163
51            android:exported="true"
51-->src\main\AndroidManifest.xml:16:13-36
52            android:hardwareAccelerated="true"
52-->src\main\AndroidManifest.xml:20:13-47
53            android:launchMode="singleTop"
53-->src\main\AndroidManifest.xml:17:13-43
54            android:theme="@style/LaunchTheme"
54-->src\main\AndroidManifest.xml:18:13-47
55            android:windowSoftInputMode="adjustResize" >
55-->src\main\AndroidManifest.xml:21:13-55
56
57            <!--
58                 Specifies an Android theme to apply to this Activity as soon as
59                 the Android process has started. This theme is visible to the user
60                 while the Flutter UI initializes. After that, this theme continues
61                 to determine the Window background behind the Flutter UI.
62            -->
63            <meta-data
63-->src\main\AndroidManifest.xml:26:13-29:17
64                android:name="io.flutter.embedding.android.NormalTheme"
64-->src\main\AndroidManifest.xml:27:15-70
65                android:resource="@style/NormalTheme" />
65-->src\main\AndroidManifest.xml:28:15-52
66
67            <intent-filter>
67-->src\main\AndroidManifest.xml:30:13-33:29
68                <action android:name="android.intent.action.MAIN" />
68-->src\main\AndroidManifest.xml:31:17-68
68-->src\main\AndroidManifest.xml:31:25-66
69
70                <category android:name="android.intent.category.LAUNCHER" />
70-->src\main\AndroidManifest.xml:32:17-76
70-->src\main\AndroidManifest.xml:32:27-74
71            </intent-filter>
72        </activity>
73        <!--
74             Don't delete the meta-data below.
75             This is used by the Flutter tool to generate GeneratedPluginRegistrant.java
76        -->
77        <meta-data
77-->src\main\AndroidManifest.xml:37:9-39:33
78            android:name="flutterEmbedding"
78-->src\main\AndroidManifest.xml:38:13-44
79            android:value="2" />
79-->src\main\AndroidManifest.xml:39:13-30
80
81        <service
81-->[:cloud_firestore] AndroidManifest.xml:10:9-14:19
82            android:name="com.google.firebase.components.ComponentDiscoveryService"
82-->[:cloud_firestore] AndroidManifest.xml:10:18-89
83            android:directBootAware="true"
83-->[com.google.firebase:firebase-common:20.4.3] AndroidManifest.xml:32:13-43
84            android:exported="false" >
84-->[com.google.firebase:firebase-auth:22.3.1] AndroidManifest.xml:68:13-37
85            <meta-data
85-->[:cloud_firestore] AndroidManifest.xml:11:13-13:85
86                android:name="com.google.firebase.components:io.flutter.plugins.firebase.firestore.FlutterFirebaseFirestoreRegistrar"
86-->[:cloud_firestore] AndroidManifest.xml:12:17-134
87                android:value="com.google.firebase.components.ComponentRegistrar" />
87-->[:cloud_firestore] AndroidManifest.xml:13:17-82
88            <meta-data
88-->[:firebase_auth] AndroidManifest.xml:11:13-13:85
89                android:name="com.google.firebase.components:io.flutter.plugins.firebase.auth.FlutterFirebaseAuthRegistrar"
89-->[:firebase_auth] AndroidManifest.xml:12:17-124
90                android:value="com.google.firebase.components.ComponentRegistrar" />
90-->[:firebase_auth] AndroidManifest.xml:13:17-82
91            <meta-data
91-->[:firebase_storage] AndroidManifest.xml:11:13-13:85
92                android:name="com.google.firebase.components:io.flutter.plugins.firebase.storage.FlutterFirebaseAppRegistrar"
92-->[:firebase_storage] AndroidManifest.xml:12:17-126
93                android:value="com.google.firebase.components.ComponentRegistrar" />
93-->[:firebase_storage] AndroidManifest.xml:13:17-82
94            <meta-data
94-->[:firebase_messaging] AndroidManifest.xml:38:13-40:85
95                android:name="com.google.firebase.components:io.flutter.plugins.firebase.messaging.FlutterFirebaseAppRegistrar"
95-->[:firebase_messaging] AndroidManifest.xml:39:17-128
96                android:value="com.google.firebase.components.ComponentRegistrar" />
96-->[:firebase_messaging] AndroidManifest.xml:40:17-82
97            <meta-data
97-->[:firebase_core] AndroidManifest.xml:11:13-13:85
98                android:name="com.google.firebase.components:io.flutter.plugins.firebase.core.FlutterFirebaseCoreRegistrar"
98-->[:firebase_core] AndroidManifest.xml:12:17-124
99                android:value="com.google.firebase.components.ComponentRegistrar" />
99-->[:firebase_core] AndroidManifest.xml:13:17-82
100            <meta-data
100-->[com.google.firebase:firebase-auth:22.3.1] AndroidManifest.xml:69:13-71:85
101                android:name="com.google.firebase.components:com.google.firebase.auth.FirebaseAuthRegistrar"
101-->[com.google.firebase:firebase-auth:22.3.1] AndroidManifest.xml:70:17-109
102                android:value="com.google.firebase.components.ComponentRegistrar" />
102-->[com.google.firebase:firebase-auth:22.3.1] AndroidManifest.xml:71:17-82
103            <meta-data
103-->[com.google.firebase:firebase-firestore:24.11.0] AndroidManifest.xml:17:13-19:85
104                android:name="com.google.firebase.components:com.google.firebase.firestore.FirebaseFirestoreKtxRegistrar"
104-->[com.google.firebase:firebase-firestore:24.11.0] AndroidManifest.xml:18:17-122
105                android:value="com.google.firebase.components.ComponentRegistrar" />
105-->[com.google.firebase:firebase-firestore:24.11.0] AndroidManifest.xml:19:17-82
106            <meta-data
106-->[com.google.firebase:firebase-firestore:24.11.0] AndroidManifest.xml:20:13-22:85
107                android:name="com.google.firebase.components:com.google.firebase.firestore.FirestoreRegistrar"
107-->[com.google.firebase:firebase-firestore:24.11.0] AndroidManifest.xml:21:17-111
108                android:value="com.google.firebase.components.ComponentRegistrar" />
108-->[com.google.firebase:firebase-firestore:24.11.0] AndroidManifest.xml:22:17-82
109            <meta-data
109-->[com.google.firebase:firebase-messaging:23.4.1] AndroidManifest.xml:57:13-59:85
110                android:name="com.google.firebase.components:com.google.firebase.messaging.FirebaseMessagingKtxRegistrar"
110-->[com.google.firebase:firebase-messaging:23.4.1] AndroidManifest.xml:58:17-122
111                android:value="com.google.firebase.components.ComponentRegistrar" />
111-->[com.google.firebase:firebase-messaging:23.4.1] AndroidManifest.xml:59:17-82
112            <meta-data
112-->[com.google.firebase:firebase-messaging:23.4.1] AndroidManifest.xml:60:13-62:85
113                android:name="com.google.firebase.components:com.google.firebase.messaging.FirebaseMessagingRegistrar"
113-->[com.google.firebase:firebase-messaging:23.4.1] AndroidManifest.xml:61:17-119
114                android:value="com.google.firebase.components.ComponentRegistrar" />
114-->[com.google.firebase:firebase-messaging:23.4.1] AndroidManifest.xml:62:17-82
115            <meta-data
115-->[com.google.firebase:firebase-storage:20.3.0] AndroidManifest.xml:30:13-32:85
116                android:name="com.google.firebase.components:com.google.firebase.storage.FirebaseStorageKtxRegistrar"
116-->[com.google.firebase:firebase-storage:20.3.0] AndroidManifest.xml:31:17-118
117                android:value="com.google.firebase.components.ComponentRegistrar" />
117-->[com.google.firebase:firebase-storage:20.3.0] AndroidManifest.xml:32:17-82
118            <meta-data
118-->[com.google.firebase:firebase-storage:20.3.0] AndroidManifest.xml:33:13-35:85
119                android:name="com.google.firebase.components:com.google.firebase.storage.StorageRegistrar"
119-->[com.google.firebase:firebase-storage:20.3.0] AndroidManifest.xml:34:17-107
120                android:value="com.google.firebase.components.ComponentRegistrar" />
120-->[com.google.firebase:firebase-storage:20.3.0] AndroidManifest.xml:35:17-82
121            <meta-data
121-->[com.google.firebase:firebase-installations:17.2.0] AndroidManifest.xml:15:13-17:85
122                android:name="com.google.firebase.components:com.google.firebase.installations.FirebaseInstallationsKtxRegistrar"
122-->[com.google.firebase:firebase-installations:17.2.0] AndroidManifest.xml:16:17-130
123                android:value="com.google.firebase.components.ComponentRegistrar" />
123-->[com.google.firebase:firebase-installations:17.2.0] AndroidManifest.xml:17:17-82
124            <meta-data
124-->[com.google.firebase:firebase-installations:17.2.0] AndroidManifest.xml:18:13-20:85
125                android:name="com.google.firebase.components:com.google.firebase.installations.FirebaseInstallationsRegistrar"
125-->[com.google.firebase:firebase-installations:17.2.0] AndroidManifest.xml:19:17-127
126                android:value="com.google.firebase.components.ComponentRegistrar" />
126-->[com.google.firebase:firebase-installations:17.2.0] AndroidManifest.xml:20:17-82
127            <meta-data
127-->[com.google.firebase:firebase-appcheck:17.1.2] AndroidManifest.xml:25:13-27:85
128                android:name="com.google.firebase.components:com.google.firebase.appcheck.FirebaseAppCheckKtxRegistrar"
128-->[com.google.firebase:firebase-appcheck:17.1.2] AndroidManifest.xml:26:17-120
129                android:value="com.google.firebase.components.ComponentRegistrar" />
129-->[com.google.firebase:firebase-appcheck:17.1.2] AndroidManifest.xml:27:17-82
130            <meta-data
130-->[com.google.firebase:firebase-appcheck:17.1.2] AndroidManifest.xml:28:13-30:85
131                android:name="com.google.firebase.components:com.google.firebase.appcheck.FirebaseAppCheckRegistrar"
131-->[com.google.firebase:firebase-appcheck:17.1.2] AndroidManifest.xml:29:17-117
132                android:value="com.google.firebase.components.ComponentRegistrar" />
132-->[com.google.firebase:firebase-appcheck:17.1.2] AndroidManifest.xml:30:17-82
133            <meta-data
133-->[com.google.firebase:firebase-common-ktx:20.4.3] AndroidManifest.xml:12:13-14:85
134                android:name="com.google.firebase.components:com.google.firebase.ktx.FirebaseCommonLegacyRegistrar"
134-->[com.google.firebase:firebase-common-ktx:20.4.3] AndroidManifest.xml:13:17-116
135                android:value="com.google.firebase.components.ComponentRegistrar" />
135-->[com.google.firebase:firebase-common-ktx:20.4.3] AndroidManifest.xml:14:17-82
136            <meta-data
136-->[com.google.firebase:firebase-common:20.4.3] AndroidManifest.xml:35:13-37:85
137                android:name="com.google.firebase.components:com.google.firebase.FirebaseCommonKtxRegistrar"
137-->[com.google.firebase:firebase-common:20.4.3] AndroidManifest.xml:36:17-109
138                android:value="com.google.firebase.components.ComponentRegistrar" />
138-->[com.google.firebase:firebase-common:20.4.3] AndroidManifest.xml:37:17-82
139            <meta-data
139-->[com.google.firebase:firebase-datatransport:18.1.7] AndroidManifest.xml:27:13-29:85
140                android:name="com.google.firebase.components:com.google.firebase.datatransport.TransportRegistrar"
140-->[com.google.firebase:firebase-datatransport:18.1.7] AndroidManifest.xml:28:17-115
141                android:value="com.google.firebase.components.ComponentRegistrar" />
141-->[com.google.firebase:firebase-datatransport:18.1.7] AndroidManifest.xml:29:17-82
142        </service>
143        <service
143-->[:firebase_messaging] AndroidManifest.xml:16:9-19:72
144            android:name="io.flutter.plugins.firebase.messaging.FlutterFirebaseMessagingBackgroundService"
144-->[:firebase_messaging] AndroidManifest.xml:17:13-107
145            android:exported="false"
145-->[:firebase_messaging] AndroidManifest.xml:18:13-37
146            android:permission="android.permission.BIND_JOB_SERVICE" />
146-->[:firebase_messaging] AndroidManifest.xml:19:13-69
147        <service
147-->[:firebase_messaging] AndroidManifest.xml:20:9-26:19
148            android:name="io.flutter.plugins.firebase.messaging.FlutterFirebaseMessagingService"
148-->[:firebase_messaging] AndroidManifest.xml:21:13-97
149            android:exported="false" >
149-->[:firebase_messaging] AndroidManifest.xml:22:13-37
150            <intent-filter>
150-->[:firebase_messaging] AndroidManifest.xml:23:13-25:29
151                <action android:name="com.google.firebase.MESSAGING_EVENT" />
151-->[:firebase_messaging] AndroidManifest.xml:24:17-78
151-->[:firebase_messaging] AndroidManifest.xml:24:25-75
152            </intent-filter>
153        </service>
154
155        <receiver
155-->[:firebase_messaging] AndroidManifest.xml:28:9-35:20
156            android:name="io.flutter.plugins.firebase.messaging.FlutterFirebaseMessagingReceiver"
156-->[:firebase_messaging] AndroidManifest.xml:29:13-98
157            android:exported="true"
157-->[:firebase_messaging] AndroidManifest.xml:30:13-36
158            android:permission="com.google.android.c2dm.permission.SEND" >
158-->[:firebase_messaging] AndroidManifest.xml:31:13-73
159            <intent-filter>
159-->[:firebase_messaging] AndroidManifest.xml:32:13-34:29
160                <action android:name="com.google.android.c2dm.intent.RECEIVE" />
160-->[:firebase_messaging] AndroidManifest.xml:33:17-81
160-->[:firebase_messaging] AndroidManifest.xml:33:25-78
161            </intent-filter>
162        </receiver>
163
164        <provider
164-->[:firebase_messaging] AndroidManifest.xml:43:9-47:38
165            android:name="io.flutter.plugins.firebase.messaging.FlutterFirebaseMessagingInitProvider"
165-->[:firebase_messaging] AndroidManifest.xml:44:13-102
166            android:authorities="com.example.triptourapp.flutterfirebasemessaginginitprovider"
166-->[:firebase_messaging] AndroidManifest.xml:45:13-88
167            android:exported="false"
167-->[:firebase_messaging] AndroidManifest.xml:46:13-37
168            android:initOrder="99" />
168-->[:firebase_messaging] AndroidManifest.xml:47:13-35
169
170        <service
170-->[:geolocator_android] AndroidManifest.xml:12:9-16:56
171            android:name="com.baseflow.geolocator.GeolocatorLocationService"
171-->[:geolocator_android] AndroidManifest.xml:13:13-77
172            android:enabled="true"
172-->[:geolocator_android] AndroidManifest.xml:14:13-35
173            android:exported="false"
173-->[:geolocator_android] AndroidManifest.xml:15:13-37
174            android:foregroundServiceType="location" />
174-->[:geolocator_android] AndroidManifest.xml:16:13-53
175
176        <provider
176-->[:image_picker_android] AndroidManifest.xml:11:9-19:20
177            android:name="io.flutter.plugins.imagepicker.ImagePickerFileProvider"
177-->[:image_picker_android] AndroidManifest.xml:12:13-82
178            android:authorities="com.example.triptourapp.flutter.image_provider"
178-->[:image_picker_android] AndroidManifest.xml:13:13-74
179            android:exported="false"
179-->[:image_picker_android] AndroidManifest.xml:14:13-37
180            android:grantUriPermissions="true" >
180-->[:image_picker_android] AndroidManifest.xml:15:13-47
181            <meta-data
181-->[:image_picker_android] AndroidManifest.xml:16:13-18:75
182                android:name="android.support.FILE_PROVIDER_PATHS"
182-->[:image_picker_android] AndroidManifest.xml:17:17-67
183                android:resource="@xml/flutter_image_picker_file_paths" />
183-->[:image_picker_android] AndroidManifest.xml:18:17-72
184        </provider> <!-- Trigger Google Play services to install the backported photo picker module. -->
185        <service
185-->[:image_picker_android] AndroidManifest.xml:21:9-33:19
186            android:name="com.google.android.gms.metadata.ModuleDependencies"
186-->[:image_picker_android] AndroidManifest.xml:22:13-78
187            android:enabled="false"
187-->[:image_picker_android] AndroidManifest.xml:23:13-36
188            android:exported="false" >
188-->[:image_picker_android] AndroidManifest.xml:24:13-37
189            <intent-filter>
189-->[:image_picker_android] AndroidManifest.xml:26:13-28:29
190                <action android:name="com.google.android.gms.metadata.MODULE_DEPENDENCIES" />
190-->[:image_picker_android] AndroidManifest.xml:27:17-94
190-->[:image_picker_android] AndroidManifest.xml:27:25-91
191            </intent-filter>
192
193            <meta-data
193-->[:image_picker_android] AndroidManifest.xml:30:13-32:36
194                android:name="photopicker_activity:0:required"
194-->[:image_picker_android] AndroidManifest.xml:31:17-63
195                android:value="" />
195-->[:image_picker_android] AndroidManifest.xml:32:17-33
196        </service>
197
198        <activity
198-->[com.google.firebase:firebase-auth:22.3.1] AndroidManifest.xml:29:9-46:20
199            android:name="com.google.firebase.auth.internal.GenericIdpActivity"
199-->[com.google.firebase:firebase-auth:22.3.1] AndroidManifest.xml:30:13-80
200            android:excludeFromRecents="true"
200-->[com.google.firebase:firebase-auth:22.3.1] AndroidManifest.xml:31:13-46
201            android:exported="true"
201-->[com.google.firebase:firebase-auth:22.3.1] AndroidManifest.xml:32:13-36
202            android:launchMode="singleTask"
202-->[com.google.firebase:firebase-auth:22.3.1] AndroidManifest.xml:33:13-44
203            android:theme="@android:style/Theme.Translucent.NoTitleBar" >
203-->[com.google.firebase:firebase-auth:22.3.1] AndroidManifest.xml:34:13-72
204            <intent-filter>
204-->[com.google.firebase:firebase-auth:22.3.1] AndroidManifest.xml:35:13-45:29
205                <action android:name="android.intent.action.VIEW" />
205-->[com.google.firebase:firebase-auth:22.3.1] AndroidManifest.xml:36:17-69
205-->[com.google.firebase:firebase-auth:22.3.1] AndroidManifest.xml:36:25-66
206
207                <category android:name="android.intent.category.DEFAULT" />
207-->[com.google.firebase:firebase-auth:22.3.1] AndroidManifest.xml:38:17-76
207-->[com.google.firebase:firebase-auth:22.3.1] AndroidManifest.xml:38:27-73
208                <category android:name="android.intent.category.BROWSABLE" />
208-->[com.google.firebase:firebase-auth:22.3.1] AndroidManifest.xml:39:17-78
208-->[com.google.firebase:firebase-auth:22.3.1] AndroidManifest.xml:39:27-75
209
210                <data
210-->[com.google.firebase:firebase-auth:22.3.1] AndroidManifest.xml:41:17-44:51
211                    android:host="firebase.auth"
211-->[com.google.firebase:firebase-auth:22.3.1] AndroidManifest.xml:42:21-49
212                    android:path="/"
212-->[com.google.firebase:firebase-auth:22.3.1] AndroidManifest.xml:43:21-37
213                    android:scheme="genericidp" />
213-->[com.google.firebase:firebase-auth:22.3.1] AndroidManifest.xml:44:21-48
214            </intent-filter>
215        </activity>
216        <activity
216-->[com.google.firebase:firebase-auth:22.3.1] AndroidManifest.xml:47:9-64:20
217            android:name="com.google.firebase.auth.internal.RecaptchaActivity"
217-->[com.google.firebase:firebase-auth:22.3.1] AndroidManifest.xml:48:13-79
218            android:excludeFromRecents="true"
218-->[com.google.firebase:firebase-auth:22.3.1] AndroidManifest.xml:49:13-46
219            android:exported="true"
219-->[com.google.firebase:firebase-auth:22.3.1] AndroidManifest.xml:50:13-36
220            android:launchMode="singleTask"
220-->[com.google.firebase:firebase-auth:22.3.1] AndroidManifest.xml:51:13-44
221            android:theme="@android:style/Theme.Translucent.NoTitleBar" >
221-->[com.google.firebase:firebase-auth:22.3.1] AndroidManifest.xml:52:13-72
222            <intent-filter>
222-->[com.google.firebase:firebase-auth:22.3.1] AndroidManifest.xml:53:13-63:29
223                <action android:name="android.intent.action.VIEW" />
223-->[com.google.firebase:firebase-auth:22.3.1] AndroidManifest.xml:36:17-69
223-->[com.google.firebase:firebase-auth:22.3.1] AndroidManifest.xml:36:25-66
224
225                <category android:name="android.intent.category.DEFAULT" />
225-->[com.google.firebase:firebase-auth:22.3.1] AndroidManifest.xml:38:17-76
225-->[com.google.firebase:firebase-auth:22.3.1] AndroidManifest.xml:38:27-73
226                <category android:name="android.intent.category.BROWSABLE" />
226-->[com.google.firebase:firebase-auth:22.3.1] AndroidManifest.xml:39:17-78
226-->[com.google.firebase:firebase-auth:22.3.1] AndroidManifest.xml:39:27-75
227
228                <data
228-->[com.google.firebase:firebase-auth:22.3.1] AndroidManifest.xml:41:17-44:51
229                    android:host="firebase.auth"
229-->[com.google.firebase:firebase-auth:22.3.1] AndroidManifest.xml:42:21-49
230                    android:path="/"
230-->[com.google.firebase:firebase-auth:22.3.1] AndroidManifest.xml:43:21-37
231                    android:scheme="recaptcha" />
231-->[com.google.firebase:firebase-auth:22.3.1] AndroidManifest.xml:44:21-48
232            </intent-filter>
233        </activity>
234
235        <receiver
235-->[com.google.firebase:firebase-messaging:23.4.1] AndroidManifest.xml:29:9-40:20
236            android:name="com.google.firebase.iid.FirebaseInstanceIdReceiver"
236-->[com.google.firebase:firebase-messaging:23.4.1] AndroidManifest.xml:30:13-78
237            android:exported="true"
237-->[com.google.firebase:firebase-messaging:23.4.1] AndroidManifest.xml:31:13-36
238            android:permission="com.google.android.c2dm.permission.SEND" >
238-->[com.google.firebase:firebase-messaging:23.4.1] AndroidManifest.xml:32:13-73
239            <intent-filter>
239-->[:firebase_messaging] AndroidManifest.xml:32:13-34:29
240                <action android:name="com.google.android.c2dm.intent.RECEIVE" />
240-->[:firebase_messaging] AndroidManifest.xml:33:17-81
240-->[:firebase_messaging] AndroidManifest.xml:33:25-78
241            </intent-filter>
242
243            <meta-data
243-->[com.google.firebase:firebase-messaging:23.4.1] AndroidManifest.xml:37:13-39:40
244                android:name="com.google.android.gms.cloudmessaging.FINISHED_AFTER_HANDLED"
244-->[com.google.firebase:firebase-messaging:23.4.1] AndroidManifest.xml:38:17-92
245                android:value="true" />
245-->[com.google.firebase:firebase-messaging:23.4.1] AndroidManifest.xml:39:17-37
246        </receiver>
247        <!--
248             FirebaseMessagingService performs security checks at runtime,
249             but set to not exported to explicitly avoid allowing another app to call it.
250        -->
251        <service
251-->[com.google.firebase:firebase-messaging:23.4.1] AndroidManifest.xml:46:9-53:19
252            android:name="com.google.firebase.messaging.FirebaseMessagingService"
252-->[com.google.firebase:firebase-messaging:23.4.1] AndroidManifest.xml:47:13-82
253            android:directBootAware="true"
253-->[com.google.firebase:firebase-messaging:23.4.1] AndroidManifest.xml:48:13-43
254            android:exported="false" >
254-->[com.google.firebase:firebase-messaging:23.4.1] AndroidManifest.xml:49:13-37
255            <intent-filter android:priority="-500" >
255-->[:firebase_messaging] AndroidManifest.xml:23:13-25:29
256                <action android:name="com.google.firebase.MESSAGING_EVENT" />
256-->[:firebase_messaging] AndroidManifest.xml:24:17-78
256-->[:firebase_messaging] AndroidManifest.xml:24:25-75
257            </intent-filter>
258        </service> <!-- Needs to be explicitly declared on P+ -->
259        <uses-library
259-->[com.google.android.gms:play-services-maps:18.2.0] AndroidManifest.xml:39:9-41:40
260            android:name="org.apache.http.legacy"
260-->[com.google.android.gms:play-services-maps:18.2.0] AndroidManifest.xml:40:13-50
261            android:required="false" />
261-->[com.google.android.gms:play-services-maps:18.2.0] AndroidManifest.xml:41:13-37
262
263        <provider
263-->[com.google.firebase:firebase-common:20.4.3] AndroidManifest.xml:23:9-28:39
264            android:name="com.google.firebase.provider.FirebaseInitProvider"
264-->[com.google.firebase:firebase-common:20.4.3] AndroidManifest.xml:24:13-77
265            android:authorities="com.example.triptourapp.firebaseinitprovider"
265-->[com.google.firebase:firebase-common:20.4.3] AndroidManifest.xml:25:13-72
266            android:directBootAware="true"
266-->[com.google.firebase:firebase-common:20.4.3] AndroidManifest.xml:26:13-43
267            android:exported="false"
267-->[com.google.firebase:firebase-common:20.4.3] AndroidManifest.xml:27:13-37
268            android:initOrder="100" />
268-->[com.google.firebase:firebase-common:20.4.3] AndroidManifest.xml:28:13-36
269
270        <activity
270-->[com.google.android.gms:play-services-base:18.1.0] AndroidManifest.xml:20:9-22:45
271            android:name="com.google.android.gms.common.api.GoogleApiActivity"
271-->[com.google.android.gms:play-services-base:18.1.0] AndroidManifest.xml:20:19-85
272            android:exported="false"
272-->[com.google.android.gms:play-services-base:18.1.0] AndroidManifest.xml:22:19-43
273            android:theme="@android:style/Theme.Translucent.NoTitleBar" />
273-->[com.google.android.gms:play-services-base:18.1.0] AndroidManifest.xml:21:19-78
274